<?xml version="1.0" encoding="UTF-8"?>
<!-- Generated by org.testng.reporters.JUnitXMLReporter -->
<testsuite ignored="1" hostname="ip-172-31-15-244" failures="0" tests="2" name="Test" time="0.059" errors="0" timestamp="2026-01-16T05:46:23 UTC">
  <testcase classname="TestCase.LoginTest" name="invalidLogin" time="0.01"/>
  <testcase classname="TestCase.LoginTest" name="validLogin" time="0.002"/>
  <testcase classname="TestCase.LoginTest" name="forgetPassword" time="0.0">
    <ignored/>
  </testcase> <!-- forgetPassword -->
</testsuite> <!-- Test -->
