<?xml version="1.0" encoding="UTF-8"?>
<testng-results ignored="0" total="2" passed="2" failed="0" skipped="0">
  <reporter-output>
  </reporter-output>
  <suite started-at="2026-01-19T09:45:18 UTC" name="Default suite" finished-at="2026-01-19T09:47:12 UTC" duration-ms="113960">
    <groups>
      <group name="cucumber">
        <method signature="AbstractTestNGCucumberTests.runScenario(io.cucumber.testng.PickleWrapper,io.cucumber.testng.FeatureWrapper)[pri:0, instance:Test_Runner.TestRunner@60db1c0e]" name="runScenario" class="io.cucumber.testng.AbstractTestNGCucumberTests"/>
      </group> <!-- cucumber -->
    </groups>
    <test started-at="2026-01-19T09:45:18 UTC" name="Default test" finished-at="2026-01-19T09:47:12 UTC" duration-ms="113960">
      <class name="Test_Runner.TestRunner">
        <test-method is-config="true" signature="setUpClass(org.testng.ITestContext)[pri:0, instance:Test_Runner.TestRunner@60db1c0e]" started-at="2026-01-19T09:45:18 UTC" name="setUpClass" finished-at="2026-01-19T09:45:19 UTC" duration-ms="645" status="PASS">
          <params>
            <param index="0">
              <value>
                <![CDATA[org.testng.TestRunner@63a28987]]>
              </value>
            </param>
          </params>
          <reporter-output>
          </reporter-output>
        </test-method> <!-- setUpClass -->
        <test-method signature="runScenario(io.cucumber.testng.PickleWrapper,io.cucumber.testng.FeatureWrapper)[pri:0, instance:Test_Runner.TestRunner@60db1c0e]" started-at="2026-01-19T09:45:19 UTC" name="runScenario" description="Runs Cucumber Scenarios" data-provider="scenarios" finished-at="2026-01-19T09:45:51 UTC" duration-ms="32255" status="PASS">
          <params>
            <param index="0">
              <value>
                <![CDATA["Check Logo"]]>
              </value>
            </param>
            <param index="1">
              <value>
                <![CDATA["Search Product and Verify Details"]]>
              </value>
            </param>
          </params>
          <reporter-output>
          </reporter-output>
        </test-method> <!-- runScenario -->
        <test-method signature="runScenario(io.cucumber.testng.PickleWrapper,io.cucumber.testng.FeatureWrapper)[pri:0, instance:Test_Runner.TestRunner@60db1c0e]" started-at="2026-01-19T09:45:51 UTC" name="runScenario" description="Runs Cucumber Scenarios" data-provider="scenarios" finished-at="2026-01-19T09:47:12 UTC" duration-ms="80897" status="PASS">
          <params>
            <param index="0">
              <value>
                <![CDATA["Search product and verify name and price"]]>
              </value>
            </param>
            <param index="1">
              <value>
                <![CDATA["Search Product and Verify Details"]]>
              </value>
            </param>
          </params>
          <reporter-output>
          </reporter-output>
        </test-method> <!-- runScenario -->
        <test-method is-config="true" signature="tearDownClass()[pri:0, instance:Test_Runner.TestRunner@60db1c0e]" started-at="2026-01-19T09:47:12 UTC" name="tearDownClass" finished-at="2026-01-19T09:47:12 UTC" duration-ms="27" status="PASS">
          <reporter-output>
          </reporter-output>
        </test-method> <!-- tearDownClass -->
      </class> <!-- Test_Runner.TestRunner -->
    </test> <!-- Default test -->
  </suite> <!-- Default suite -->
</testng-results>
