<?xml version="1.0" encoding="UTF-8"?>
<testng-results ignored="0" total="1" passed="1" failed="0" skipped="0">
  <reporter-output>
  </reporter-output>
  <suite started-at="2026-01-16T10:18:43 UTC" name="Default suite" finished-at="2026-01-16T10:18:54 UTC" duration-ms="11709">
    <groups>
    </groups>
    <test started-at="2026-01-16T10:18:43 UTC" name="Default test" finished-at="2026-01-16T10:18:54 UTC" duration-ms="11709">
      <class name="TestCase.Test1">
        <test-method is-config="true" signature="setUp()[pri:0, instance:TestCase.Test1@2b71e916]" started-at="2026-01-16T10:18:43 UTC" name="setUp" finished-at="2026-01-16T10:18:51 UTC" duration-ms="7964" status="PASS">
          <reporter-output>
          </reporter-output>
        </test-method> <!-- setUp -->
        <test-method signature="testSearchForRice()[pri:0, instance:TestCase.Test1@2b71e916]" started-at="2026-01-16T10:18:51 UTC" name="testSearchForRice" finished-at="2026-01-16T10:18:54 UTC" duration-ms="3525" status="PASS">
          <reporter-output>
          </reporter-output>
        </test-method> <!-- testSearchForRice -->
        <test-method is-config="true" signature="tearDown()[pri:0, instance:TestCase.Test1@2b71e916]" started-at="2026-01-16T10:18:54 UTC" name="tearDown" finished-at="2026-01-16T10:18:54 UTC" duration-ms="150" status="PASS">
          <reporter-output>
          </reporter-output>
        </test-method> <!-- tearDown -->
      </class> <!-- TestCase.Test1 -->
    </test> <!-- Default test -->
  </suite> <!-- Default suite -->
</testng-results>
