<?xml version="1.0" encoding="UTF-8"?>
<!-- Generated by org.testng.reporters.JUnitXMLReporter -->
<testsuite ignored="0" hostname="ip-172-31-15-244" failures="1" tests="2" name="Test" time="17.847" errors="0" timestamp="2026-01-16T08:54:18 UTC">
  <testcase classname="TestCase.Test1" name="testClosePopup" time="0.207"/>
  <testcase classname="TestCase.Test1" name="testSearchForRice" time="1.271">
    <failure type="org.openqa.selenium.ElementClickInterceptedException" message="element click intercepted: Element &amp;lt;span class=&amp;quot;aws-search-btn_icon&amp;quot;&amp;gt;...&amp;lt;/span&amp;gt; is not clickable at point (619, 138). Other element would receive the click: &amp;lt;img class=&amp;quot;brave_element__image  brave_element_img_item skip-lazy no-lazyload&amp;quot; data-lazy=&amp;quot;https://www.smartbazaar.co.uk/wp-content/uploads/2026/01/Maroon-and-White-Organic-Illustrative-India-Pongal-Festival-Poster.png&amp;quot; src=&amp;quot;https://www.smartbazaar.co.uk/wp-content/uploads/2026/01/Maroon-and-White-Organic-Illustrative-India-Pongal-Festival-Poster.png&amp;quot; alt=&amp;quot;&amp;quot;&amp;gt;
  (Session info: chrome=142.0.7444.175)
Build info: version: &amp;apos;4.39.0&amp;apos;, revision: &amp;apos;126f156aee&amp;apos;
System info: os.name: &amp;apos;Linux&amp;apos;, os.arch: &amp;apos;amd64&amp;apos;, os.version: &amp;apos;6.8.0-1044-aws&amp;apos;, java.version: &amp;apos;17.0.11&amp;apos;
Driver info: org.openqa.selenium.chrome.ChromeDriver
Command: [f39e1b8ee56f690a995e57ffd1ae015f, clickElement {id=f.C453881AA694E0AAB2230E2274F9D0CA.d.CA3835D4B2C2D425CD845B5734A20761.e.591}]
Capabilities {acceptInsecureCerts: false, browserName: chrome, browserVersion: 142.0.7444.175, chrome: {chromedriverVersion: 142.0.7444.175 (302067f14a4..., userDataDir: /tmp/.org.chromium.Chromium...}, fedcm:accounts: true, goog:chromeOptions: {debuggerAddress: localhost:44319}, goog:processID: 9530, networkConnectionEnabled: false, pageLoadStrategy: normal, platformName: linux, proxy: Proxy(), se:cdp: ws://localhost:44319/devtoo..., se:cdpVersion: 142.0.7444.175, setWindowRect: true, strictFileInteractability: false, timeouts: {implicit: 0, pageLoad: 300000, script: 30000}, unhandledPromptBehavior: dismiss and notify, webauthn:extension:credBlob: true, webauthn:extension:largeBlob: true, webauthn:extension:minPinLength: true, webauthn:extension:prf: true, webauthn:virtualAuthenticators: true}
Element: [[ChromeDriver: chrome on linux (f39e1b8ee56f690a995e57ffd1ae015f)] -&amp;gt; xpath: //span[@class=&amp;apos;aws-search-btn_icon&amp;apos;]]
Session ID: f39e1b8ee56f690a995e57ffd1ae015f">
      <![CDATA[org.openqa.selenium.ElementClickInterceptedException: element click intercepted: Element <span class="aws-search-btn_icon">...</span> is not clickable at point (619, 138). Other element would receive the click: <img class="brave_element__image  brave_element_img_item skip-lazy no-lazyload" data-lazy="https://www.smartbazaar.co.uk/wp-content/uploads/2026/01/Maroon-and-White-Organic-Illustrative-India-Pongal-Festival-Poster.png" src="https://www.smartbazaar.co.uk/wp-content/uploads/2026/01/Maroon-and-White-Organic-Illustrative-India-Pongal-Festival-Poster.png" alt="">
  (Session info: chrome=142.0.7444.175)
Build info: version: '4.39.0', revision: '126f156aee'
System info: os.name: 'Linux', os.arch: 'amd64', os.version: '6.8.0-1044-aws', java.version: '17.0.11'
Driver info: org.openqa.selenium.chrome.ChromeDriver
Command: [f39e1b8ee56f690a995e57ffd1ae015f, clickElement {id=f.C453881AA694E0AAB2230E2274F9D0CA.d.CA3835D4B2C2D425CD845B5734A20761.e.591}]
Capabilities {acceptInsecureCerts: false, browserName: chrome, browserVersion: 142.0.7444.175, chrome: {chromedriverVersion: 142.0.7444.175 (302067f14a4..., userDataDir: /tmp/.org.chromium.Chromium...}, fedcm:accounts: true, goog:chromeOptions: {debuggerAddress: localhost:44319}, goog:processID: 9530, networkConnectionEnabled: false, pageLoadStrategy: normal, platformName: linux, proxy: Proxy(), se:cdp: ws://localhost:44319/devtoo..., se:cdpVersion: 142.0.7444.175, setWindowRect: true, strictFileInteractability: false, timeouts: {implicit: 0, pageLoad: 300000, script: 30000}, unhandledPromptBehavior: dismiss and notify, webauthn:extension:credBlob: true, webauthn:extension:largeBlob: true, webauthn:extension:minPinLength: true, webauthn:extension:prf: true, webauthn:virtualAuthenticators: true}
Element: [[ChromeDriver: chrome on linux (f39e1b8ee56f690a995e57ffd1ae015f)] -> xpath: //span[@class='aws-search-btn_icon']]
Session ID: f39e1b8ee56f690a995e57ffd1ae015f
at org.openqa.selenium.remote.ErrorCodec.decode(ErrorCodec.java:167)
at org.openqa.selenium.remote.codec.w3c.W3CHttpResponseCodec.decode(W3CHttpResponseCodec.java:142)
at org.openqa.selenium.remote.codec.w3c.W3CHttpResponseCodec.decode(W3CHttpResponseCodec.java:49)
at org.openqa.selenium.remote.HttpCommandExecutor.execute(HttpCommandExecutor.java:215)
at org.openqa.selenium.remote.service.DriverCommandExecutor.invokeExecute(DriverCommandExecutor.java:216)
at org.openqa.selenium.remote.service.DriverCommandExecutor.execute(DriverCommandExecutor.java:174)
at org.openqa.selenium.remote.RemoteWebDriver.execute(RemoteWebDriver.java:561)
at org.openqa.selenium.remote.RemoteWebElement.execute(RemoteWebElement.java:223)
at org.openqa.selenium.remote.RemoteWebElement.click(RemoteWebElement.java:76)
at Locators.Page1Objects.searchForRice(Page1Objects.java:31)
at Pages.Page1.searchForRice(Page1.java:24)
at TestCase.Test1.testSearchForRice(Test1.java:53)
at java.base/java.util.ArrayList.forEach(Unknown Source)
... Removed 32 stack frames]]>
    </failure>
  </testcase> <!-- testSearchForRice -->
</testsuite> <!-- Test -->
